<?xml version="1.0" encoding="UTF-8" ?>
<testsuite errors="0" failures="0" hostname="Gateway-PC" name="acceptance.FileAndZipUploadTest" tests="2" time="1.785" timestamp="2012-09-03T17:23:25">
  <properties>
[...]
</properties>
  <testcase classname="acceptance.FileAndZipUploadTest" name="testFileUploadAndFileDelete" time="1.444" />
  <testcase classname="acceptance.FileAndZipUploadTest" name="testZipUploadAndFolderDelete" time="0.116" />
  <system-out><![CDATA[]]></system-out>
  <system-err><![CDATA[]]></system-err>
</testsuite>
